[12-Aug-2025 15:17:05 UTC] PHP Fatal error:  Uncaught mysqli_sql_exception: Incorrect date value: 'undefined' for column 'selected_date' at row 1 in /Applications/MAMP/htdocs/save_assignment.php:47
Stack trace:
#0 /Applications/MAMP/htdocs/save_assignment.php(47): mysqli_stmt->execute()
#1 {main}
  thrown in /Applications/MAMP/htdocs/save_assignment.php on line 47
[12-Aug-2025 15:21:02 UTC] PHP Fatal error:  Uncaught mysqli_sql_exception: Incorrect date value: 'undefined' for column 'selected_date' at row 1 in /Applications/MAMP/htdocs/save_assignment.php:47
Stack trace:
#0 /Applications/MAMP/htdocs/save_assignment.php(47): mysqli_stmt->execute()
#1 {main}
  thrown in /Applications/MAMP/htdocs/save_assignment.php on line 47
[12-Aug-2025 15:24:34 UTC] PHP Fatal error:  Uncaught mysqli_sql_exception: Incorrect date value: 'undefined' for column 'selected_date' at row 1 in /Applications/MAMP/htdocs/save_assignment.php:47
Stack trace:
#0 /Applications/MAMP/htdocs/save_assignment.php(47): mysqli_stmt->execute()
#1 {main}
  thrown in /Applications/MAMP/htdocs/save_assignment.php on line 47
[12-Aug-2025 15:26:25 UTC] PHP Fatal error:  Uncaught mysqli_sql_exception: Incorrect date value: 'undefined' for column 'selected_date' at row 1 in /Applications/MAMP/htdocs/save_assignment.php:49
Stack trace:
#0 /Applications/MAMP/htdocs/save_assignment.php(49): mysqli_stmt->execute()
#1 {main}
  thrown in /Applications/MAMP/htdocs/save_assignment.php on line 49
[12-Aug-2025 15:46:12 UTC] PHP Fatal error:  Uncaught mysqli_sql_exception: Incorrect date value: 'undefined' for column 'selected_date' at row 1 in /Applications/MAMP/htdocs/save_assignment.php:49
Stack trace:
#0 /Applications/MAMP/htdocs/save_assignment.php(49): mysqli_stmt->execute()
#1 {main}
  thrown in /Applications/MAMP/htdocs/save_assignment.php on line 49
